  Laba2.cpp
C:\Users\Mary\source\repos\Laba2\Laba2\Laba2.cpp(26,10): warning C4566: character represented by universal-character-name '\u041F' cannot be represented in the current code page (1252)
C:\Users\Mary\source\repos\Laba2\Laba2\Laba2.cpp(26,10): warning C4566: character represented by universal-character-name '\u0440' cannot be represented in the current code page (1252)
C:\Users\Mary\source\repos\Laba2\Laba2\Laba2.cpp(26,10): warning C4566: character represented by universal-character-name '\u0438' cannot be represented in the current code page (1252)
C:\Users\Mary\source\repos\Laba2\Laba2\Laba2.cpp(26,10): warning C4566: character represented by universal-character-name '\u0432' cannot be represented in the current code page (1252)
C:\Users\Mary\source\repos\Laba2\Laba2\Laba2.cpp(26,10): warning C4566: character represented by universal-character-name '\u0435' cannot be represented in the current code page (1252)
C:\Users\Mary\source\repos\Laba2\Laba2\Laba2.cpp(26,10): warning C4566: character represented by universal-character-name '\u0442' cannot be represented in the current code page (1252)
C:\Users\Mary\source\repos\Laba2\Laba2\Laba2.cpp(29,9): warning C4566: character represented by universal-character-name '\u0412' cannot be represented in the current code page (1252)
C:\Users\Mary\source\repos\Laba2\Laba2\Laba2.cpp(29,9): warning C4566: character represented by universal-character-name '\u0432' cannot be represented in the current code page (1252)
C:\Users\Mary\source\repos\Laba2\Laba2\Laba2.cpp(29,9): warning C4566: character represented by universal-character-name '\u0435' cannot be represented in the current code page (1252)
C:\Users\Mary\source\repos\Laba2\Laba2\Laba2.cpp(29,9): warning C4566: character represented by universal-character-name '\u0434' cannot be represented in the current code page (1252)
C:\Users\Mary\source\repos\Laba2\Laba2\Laba2.cpp(29,9): warning C4566: character represented by universal-character-name '\u0438' cannot be represented in the current code page (1252)
C:\Users\Mary\source\repos\Laba2\Laba2\Laba2.cpp(29,9): warning C4566: character represented by universal-character-name '\u0442' cannot be represented in the current code page (1252)
C:\Users\Mary\source\repos\Laba2\Laba2\Laba2.cpp(29,9): warning C4566: character represented by universal-character-name '\u043D' cannot be represented in the current code page (1252)
C:\Users\Mary\source\repos\Laba2\Laba2\Laba2.cpp(29,9): warning C4566: character represented by universal-character-name '\u0430' cannot be represented in the current code page (1252)
C:\Users\Mary\source\repos\Laba2\Laba2\Laba2.cpp(29,9): warning C4566: character represented by universal-character-name '\u0437' cannot be represented in the current code page (1252)
C:\Users\Mary\source\repos\Laba2\Laba2\Laba2.cpp(29,9): warning C4566: character represented by universal-character-name '\u043F' cannot be represented in the current code page (1252)
C:\Users\Mary\source\repos\Laba2\Laba2\Laba2.cpp(29,9): warning C4566: character represented by universal-character-name '\u043B' cannot be represented in the current code page (1252)
C:\Users\Mary\source\repos\Laba2\Laba2\Laba2.cpp(29,9): warning C4566: character represented by universal-character-name '\u043E' cannot be represented in the current code page (1252)
C:\Users\Mary\source\repos\Laba2\Laba2\Laba2.cpp(29,9): warning C4566: character represented by universal-character-name '\u0449' cannot be represented in the current code page (1252)
C:\Users\Mary\source\repos\Laba2\Laba2\Laba2.cpp(29,9): warning C4566: character represented by universal-character-name '\u044C' cannot be represented in the current code page (1252)
C:\Users\Mary\source\repos\Laba2\Laba2\Laba2.cpp(29,9): warning C4566: character represented by universal-character-name '\u043A' cannot be represented in the current code page (1252)
C:\Users\Mary\source\repos\Laba2\Laba2\Laba2.cpp(29,9): warning C4566: character represented by universal-character-name '\u0447' cannot be represented in the current code page (1252)
C:\Users\Mary\source\repos\Laba2\Laba2\Laba2.cpp(29,9): warning C4566: character represented by universal-character-name '\u0441' cannot be represented in the current code page (1252)
C:\Users\Mary\source\repos\Laba2\Laba2\Laba2.cpp(31,9): warning C4566: character represented by universal-character-name '\u0412' cannot be represented in the current code page (1252)
C:\Users\Mary\source\repos\Laba2\Laba2\Laba2.cpp(31,9): warning C4566: character represented by universal-character-name '\u0432' cannot be represented in the current code page (1252)
C:\Users\Mary\source\repos\Laba2\Laba2\Laba2.cpp(31,9): warning C4566: character represented by universal-character-name '\u0435' cannot be represented in the current code page (1252)
C:\Users\Mary\source\repos\Laba2\Laba2\Laba2.cpp(31,9): warning C4566: character represented by universal-character-name '\u0434' cannot be represented in the current code page (1252)
C:\Users\Mary\source\repos\Laba2\Laba2\Laba2.cpp(31,9): warning C4566: character represented by universal-character-name '\u0438' cannot be represented in the current code page (1252)
C:\Users\Mary\source\repos\Laba2\Laba2\Laba2.cpp(31,9): warning C4566: character represented by universal-character-name '\u0442' cannot be represented in the current code page (1252)
C:\Users\Mary\source\repos\Laba2\Laba2\Laba2.cpp(31,9): warning C4566: character represented by universal-character-name '\u043D' cannot be represented in the current code page (1252)
C:\Users\Mary\source\repos\Laba2\Laba2\Laba2.cpp(31,9): warning C4566: character represented by universal-character-name '\u0430' cannot be represented in the current code page (1252)
C:\Users\Mary\source\repos\Laba2\Laba2\Laba2.cpp(31,9): warning C4566: character represented by universal-character-name '\u0437' cannot be represented in the current code page (1252)
C:\Users\Mary\source\repos\Laba2\Laba2\Laba2.cpp(31,9): warning C4566: character represented by universal-character-name '\u043F' cannot be represented in the current code page (1252)
C:\Users\Mary\source\repos\Laba2\Laba2\Laba2.cpp(31,9): warning C4566: character represented by universal-character-name '\u043B' cannot be represented in the current code page (1252)
C:\Users\Mary\source\repos\Laba2\Laba2\Laba2.cpp(31,9): warning C4566: character represented by universal-character-name '\u043E' cannot be represented in the current code page (1252)
C:\Users\Mary\source\repos\Laba2\Laba2\Laba2.cpp(31,9): warning C4566: character represented by universal-character-name '\u0449' cannot be represented in the current code page (1252)
C:\Users\Mary\source\repos\Laba2\Laba2\Laba2.cpp(31,9): warning C4566: character represented by universal-character-name '\u044C' cannot be represented in the current code page (1252)
C:\Users\Mary\source\repos\Laba2\Laba2\Laba2.cpp(31,9): warning C4566: character represented by universal-character-name '\u043A' cannot be represented in the current code page (1252)
C:\Users\Mary\source\repos\Laba2\Laba2\Laba2.cpp(31,9): warning C4566: character represented by universal-character-name '\u0447' cannot be represented in the current code page (1252)
C:\Users\Mary\source\repos\Laba2\Laba2\Laba2.cpp(31,9): warning C4566: character represented by universal-character-name '\u0441' cannot be represented in the current code page (1252)
C:\Users\Mary\source\repos\Laba2\Laba2\Laba2.cpp(33,9): warning C4566: character represented by universal-character-name '\u0412' cannot be represented in the current code page (1252)
C:\Users\Mary\source\repos\Laba2\Laba2\Laba2.cpp(33,9): warning C4566: character represented by universal-character-name '\u0432' cannot be represented in the current code page (1252)
C:\Users\Mary\source\repos\Laba2\Laba2\Laba2.cpp(33,9): warning C4566: character represented by universal-character-name '\u0435' cannot be represented in the current code page (1252)
C:\Users\Mary\source\repos\Laba2\Laba2\Laba2.cpp(33,9): warning C4566: character represented by universal-character-name '\u0434' cannot be represented in the current code page (1252)
C:\Users\Mary\source\repos\Laba2\Laba2\Laba2.cpp(33,9): warning C4566: character represented by universal-character-name '\u0438' cannot be represented in the current code page (1252)
C:\Users\Mary\source\repos\Laba2\Laba2\Laba2.cpp(33,9): warning C4566: character represented by universal-character-name '\u0442' cannot be represented in the current code page (1252)
C:\Users\Mary\source\repos\Laba2\Laba2\Laba2.cpp(33,9): warning C4566: character represented by universal-character-name '\u043D' cannot be represented in the current code page (1252)
C:\Users\Mary\source\repos\Laba2\Laba2\Laba2.cpp(33,9): warning C4566: character represented by universal-character-name '\u0430' cannot be represented in the current code page (1252)
C:\Users\Mary\source\repos\Laba2\Laba2\Laba2.cpp(33,9): warning C4566: character represented by universal-character-name '\u0437' cannot be represented in the current code page (1252)
C:\Users\Mary\source\repos\Laba2\Laba2\Laba2.cpp(33,9): warning C4566: character represented by universal-character-name '\u043F' cannot be represented in the current code page (1252)
C:\Users\Mary\source\repos\Laba2\Laba2\Laba2.cpp(33,9): warning C4566: character represented by universal-character-name '\u043B' cannot be represented in the current code page (1252)
C:\Users\Mary\source\repos\Laba2\Laba2\Laba2.cpp(33,9): warning C4566: character represented by universal-character-name '\u043E' cannot be represented in the current code page (1252)
C:\Users\Mary\source\repos\Laba2\Laba2\Laba2.cpp(33,9): warning C4566: character represented by universal-character-name '\u0449' cannot be represented in the current code page (1252)
C:\Users\Mary\source\repos\Laba2\Laba2\Laba2.cpp(33,9): warning C4566: character represented by universal-character-name '\u044C' cannot be represented in the current code page (1252)
C:\Users\Mary\source\repos\Laba2\Laba2\Laba2.cpp(33,9): warning C4566: character represented by universal-character-name '\u043A' cannot be represented in the current code page (1252)
C:\Users\Mary\source\repos\Laba2\Laba2\Laba2.cpp(33,9): warning C4566: character represented by universal-character-name '\u0447' cannot be represented in the current code page (1252)
C:\Users\Mary\source\repos\Laba2\Laba2\Laba2.cpp(33,9): warning C4566: character represented by universal-character-name '\u0441' cannot be represented in the current code page (1252)
C:\Users\Mary\source\repos\Laba2\Laba2\Laba2.cpp(41,9): warning C4566: character represented by universal-character-name '\u0421' cannot be represented in the current code page (1252)
C:\Users\Mary\source\repos\Laba2\Laba2\Laba2.cpp(41,9): warning C4566: character represented by universal-character-name '\u0435' cannot be represented in the current code page (1252)
C:\Users\Mary\source\repos\Laba2\Laba2\Laba2.cpp(41,9): warning C4566: character represented by universal-character-name '\u043B' cannot be represented in the current code page (1252)
C:\Users\Mary\source\repos\Laba2\Laba2\Laba2.cpp(41,9): warning C4566: character represented by universal-character-name '\u044C' cannot be represented in the current code page (1252)
C:\Users\Mary\source\repos\Laba2\Laba2\Laba2.cpp(41,9): warning C4566: character represented by universal-character-name '\u0441' cannot be represented in the current code page (1252)
C:\Users\Mary\source\repos\Laba2\Laba2\Laba2.cpp(41,9): warning C4566: character represented by universal-character-name '\u043A' cannot be represented in the current code page (1252)
C:\Users\Mary\source\repos\Laba2\Laba2\Laba2.cpp(41,9): warning C4566: character represented by universal-character-name '\u043E' cannot be represented in the current code page (1252)
C:\Users\Mary\source\repos\Laba2\Laba2\Laba2.cpp(41,9): warning C4566: character represented by universal-character-name '\u0445' cannot be represented in the current code page (1252)
C:\Users\Mary\source\repos\Laba2\Laba2\Laba2.cpp(41,9): warning C4566: character represented by universal-character-name '\u0437' cannot be represented in the current code page (1252)
C:\Users\Mary\source\repos\Laba2\Laba2\Laba2.cpp(41,9): warning C4566: character represented by universal-character-name '\u044F' cannot be represented in the current code page (1252)
C:\Users\Mary\source\repos\Laba2\Laba2\Laba2.cpp(41,9): warning C4566: character represented by universal-character-name '\u0439' cannot be represented in the current code page (1252)
C:\Users\Mary\source\repos\Laba2\Laba2\Laba2.cpp(41,9): warning C4566: character represented by universal-character-name '\u0442' cannot be represented in the current code page (1252)
C:\Users\Mary\source\repos\Laba2\Laba2\Laba2.cpp(41,9): warning C4566: character represented by universal-character-name '\u0432' cannot be represented in the current code page (1252)
C:\Users\Mary\source\repos\Laba2\Laba2\Laba2.cpp(41,9): warning C4566: character represented by universal-character-name '\u043D' cannot be represented in the current code page (1252)
C:\Users\Mary\source\repos\Laba2\Laba2\Laba2.cpp(41,9): warning C4566: character represented by universal-character-name '\u044B' cannot be represented in the current code page (1252)
C:\Users\Mary\source\repos\Laba2\Laba2\Laba2.cpp(41,9): warning C4566: character represented by universal-character-name '\u043F' cannot be represented in the current code page (1252)
C:\Users\Mary\source\repos\Laba2\Laba2\Laba2.cpp(41,9): warning C4566: character represented by universal-character-name '\u0440' cannot be represented in the current code page (1252)
C:\Users\Mary\source\repos\Laba2\Laba2\Laba2.cpp(41,9): warning C4566: character represented by universal-character-name '\u0434' cannot be represented in the current code page (1252)
C:\Users\Mary\source\repos\Laba2\Laba2\Laba2.cpp(41,9): warning C4566: character represented by universal-character-name '\u0438' cannot be represented in the current code page (1252)
C:\Users\Mary\source\repos\Laba2\Laba2\Laba2.cpp(43,9): warning C4566: character represented by universal-character-name '\u041D' cannot be represented in the current code page (1252)
C:\Users\Mary\source\repos\Laba2\Laba2\Laba2.cpp(43,9): warning C4566: character represented by universal-character-name '\u0430' cannot be represented in the current code page (1252)
C:\Users\Mary\source\repos\Laba2\Laba2\Laba2.cpp(43,9): warning C4566: character represented by universal-character-name '\u0437' cannot be represented in the current code page (1252)
C:\Users\Mary\source\repos\Laba2\Laba2\Laba2.cpp(43,9): warning C4566: character represented by universal-character-name '\u0432' cannot be represented in the current code page (1252)
C:\Users\Mary\source\repos\Laba2\Laba2\Laba2.cpp(43,9): warning C4566: character represented by universal-character-name '\u043D' cannot be represented in the current code page (1252)
C:\Users\Mary\source\repos\Laba2\Laba2\Laba2.cpp(43,9): warning C4566: character represented by universal-character-name '\u0438' cannot be represented in the current code page (1252)
C:\Users\Mary\source\repos\Laba2\Laba2\Laba2.cpp(43,9): warning C4566: character represented by universal-character-name '\u0435' cannot be represented in the current code page (1252)
C:\Users\Mary\source\repos\Laba2\Laba2\Laba2.cpp(43,9): warning C4566: character represented by universal-character-name '\u0412' cannot be represented in the current code page (1252)
C:\Users\Mary\source\repos\Laba2\Laba2\Laba2.cpp(43,9): warning C4566: character represented by universal-character-name '\u0434' cannot be represented in the current code page (1252)
C:\Users\Mary\source\repos\Laba2\Laba2\Laba2.cpp(43,9): warning C4566: character represented by universal-character-name '\u041F' cannot be represented in the current code page (1252)
C:\Users\Mary\source\repos\Laba2\Laba2\Laba2.cpp(43,9): warning C4566: character represented by universal-character-name '\u043B' cannot be represented in the current code page (1252)
C:\Users\Mary\source\repos\Laba2\Laba2\Laba2.cpp(43,9): warning C4566: character represented by universal-character-name '\u043E' cannot be represented in the current code page (1252)
C:\Users\Mary\source\repos\Laba2\Laba2\Laba2.cpp(43,9): warning C4566: character represented by universal-character-name '\u0449' cannot be represented in the current code page (1252)
C:\Users\Mary\source\repos\Laba2\Laba2\Laba2.cpp(43,9): warning C4566: character represented by universal-character-name '\u044C' cannot be represented in the current code page (1252)
C:\Users\Mary\source\repos\Laba2\Laba2\Laba2.cpp(43,9): warning C4566: character represented by universal-character-name '\u041A' cannot be represented in the current code page (1252)
C:\Users\Mary\source\repos\Laba2\Laba2\Laba2.cpp(43,9): warning C4566: character represented by universal-character-name '\u0447' cannot be represented in the current code page (1252)
C:\Users\Mary\source\repos\Laba2\Laba2\Laba2.cpp(43,9): warning C4566: character represented by universal-character-name '\u0441' cannot be represented in the current code page (1252)
C:\Users\Mary\source\repos\Laba2\Laba2\Laba2.cpp(43,9): warning C4566: character represented by universal-character-name '\u0442' cannot be represented in the current code page (1252)
C:\Users\Mary\source\repos\Laba2\Laba2\Laba2.cpp(44,9): warning C4566: character represented by universal-character-name '\u0441' cannot be represented in the current code page (1252)
C:\Users\Mary\source\repos\Laba2\Laba2\Laba2.cpp(44,9): warning C4566: character represented by universal-character-name '\u043E' cannot be represented in the current code page (1252)
C:\Users\Mary\source\repos\Laba2\Laba2\Laba2.cpp(44,9): warning C4566: character represented by universal-character-name '\u0431' cannot be represented in the current code page (1252)
C:\Users\Mary\source\repos\Laba2\Laba2\Laba2.cpp(44,9): warning C4566: character represented by universal-character-name '\u0442' cannot be represented in the current code page (1252)
C:\Users\Mary\source\repos\Laba2\Laba2\Laba2.cpp(44,9): warning C4566: character represented by universal-character-name '\u0432' cannot be represented in the current code page (1252)
C:\Users\Mary\source\repos\Laba2\Laba2\Laba2.cpp(44,9): warning C4566: character represented by universal-character-name '\u0435' cannot be represented in the current code page (1252)
C:\Users\Mary\source\repos\Laba2\Laba2\Laba2.cpp(44,9): warning C4566: character represented by universal-character-name '\u043D' cannot be represented in the current code page (1252)
C:\Users\Mary\source\repos\Laba2\Laba2\Laba2.cpp(44,9): warning C4566: character represented by universal-character-name '\u0438' cannot be represented in the current code page (1252)
C:\Users\Mary\source\repos\Laba2\Laba2\Laba2.cpp(44,9): warning C4566: character represented by universal-character-name '\u0437' cannot be represented in the current code page (1252)
C:\Users\Mary\source\repos\Laba2\Laba2\Laba2.cpp(44,9): warning C4566: character represented by universal-character-name '\u043C' cannot be represented in the current code page (1252)
C:\Users\Mary\source\repos\Laba2\Laba2\Laba2.cpp(44,9): warning C4566: character represented by universal-character-name '\u043B' cannot be represented in the current code page (1252)
C:\Users\Mary\source\repos\Laba2\Laba2\Laba2.cpp(44,9): warning C4566: character represented by universal-character-name '\u0433' cannot be represented in the current code page (1252)
C:\Users\Mary\source\repos\Laba2\Laba2\Laba2.cpp(44,9): warning C4566: character represented by universal-character-name '\u0430' cannot be represented in the current code page (1252)
C:\Users\Mary\source\repos\Laba2\Laba2\Laba2.cpp(44,9): warning C4566: character represented by universal-character-name '\u0440' cannot be represented in the current code page (1252)
C:\Users\Mary\source\repos\Laba2\Laba2\Laba2.cpp(44,9): warning C4566: character represented by universal-character-name '\u043A' cannot be represented in the current code page (1252)
C:\Users\Mary\source\repos\Laba2\Laba2\Laba2.cpp(54,9): warning C4566: character represented by universal-character-name '\u0412' cannot be represented in the current code page (1252)
C:\Users\Mary\source\repos\Laba2\Laba2\Laba2.cpp(54,9): warning C4566: character represented by universal-character-name '\u0438' cannot be represented in the current code page (1252)
C:\Users\Mary\source\repos\Laba2\Laba2\Laba2.cpp(54,9): warning C4566: character represented by universal-character-name '\u0434' cannot be represented in the current code page (1252)
C:\Users\Mary\source\repos\Laba2\Laba2\Laba2.cpp(54,9): warning C4566: character represented by universal-character-name '\u0441' cannot be represented in the current code page (1252)
C:\Users\Mary\source\repos\Laba2\Laba2\Laba2.cpp(54,9): warning C4566: character represented by universal-character-name '\u043E' cannot be represented in the current code page (1252)
C:\Users\Mary\source\repos\Laba2\Laba2\Laba2.cpp(54,9): warning C4566: character represented by universal-character-name '\u0431' cannot be represented in the current code page (1252)
C:\Users\Mary\source\repos\Laba2\Laba2\Laba2.cpp(54,9): warning C4566: character represented by universal-character-name '\u0442' cannot be represented in the current code page (1252)
C:\Users\Mary\source\repos\Laba2\Laba2\Laba2.cpp(54,9): warning C4566: character represented by universal-character-name '\u0432' cannot be represented in the current code page (1252)
C:\Users\Mary\source\repos\Laba2\Laba2\Laba2.cpp(54,9): warning C4566: character represented by universal-character-name '\u0435' cannot be represented in the current code page (1252)
C:\Users\Mary\source\repos\Laba2\Laba2\Laba2.cpp(54,9): warning C4566: character represented by universal-character-name '\u043D' cannot be represented in the current code page (1252)
C:\Users\Mary\source\repos\Laba2\Laba2\Laba2.cpp(54,9): warning C4566: character represented by universal-character-name '\u0414' cannot be represented in the current code page (1252)
C:\Users\Mary\source\repos\Laba2\Laba2\Laba2.cpp(54,9): warning C4566: character represented by universal-character-name '\u0433' cannot be represented in the current code page (1252)
C:\Users\Mary\source\repos\Laba2\Laba2\Laba2.cpp(54,9): warning C4566: character represented by universal-character-name '\u0443' cannot be represented in the current code page (1252)
C:\Users\Mary\source\repos\Laba2\Laba2\Laba2.cpp(54,9): warning C4566: character represented by universal-character-name '\u0430' cannot be represented in the current code page (1252)
C:\Users\Mary\source\repos\Laba2\Laba2\Laba2.cpp(54,9): warning C4566: character represented by universal-character-name '\u0440' cannot be represented in the current code page (1252)
C:\Users\Mary\source\repos\Laba2\Laba2\Laba2.cpp(54,9): warning C4566: character represented by universal-character-name '\u044F' cannot be represented in the current code page (1252)
C:\Users\Mary\source\repos\Laba2\Laba2\Laba2.cpp(55,9): warning C4566: character represented by universal-character-name '\u0427' cannot be represented in the current code page (1252)
C:\Users\Mary\source\repos\Laba2\Laba2\Laba2.cpp(55,9): warning C4566: character represented by universal-character-name '\u0447' cannot be represented in the current code page (1252)
C:\Users\Mary\source\repos\Laba2\Laba2\Laba2.cpp(55,9): warning C4566: character represented by universal-character-name '\u0430' cannot be represented in the current code page (1252)
C:\Users\Mary\source\repos\Laba2\Laba2\Laba2.cpp(55,9): warning C4566: character represented by universal-character-name '\u0441' cannot be represented in the current code page (1252)
C:\Users\Mary\source\repos\Laba2\Laba2\Laba2.cpp(55,9): warning C4566: character represented by universal-character-name '\u0442' cannot be represented in the current code page (1252)
C:\Users\Mary\source\repos\Laba2\Laba2\Laba2.cpp(55,9): warning C4566: character represented by universal-character-name '\u043D' cannot be represented in the current code page (1252)
C:\Users\Mary\source\repos\Laba2\Laba2\Laba2.cpp(55,9): warning C4566: character represented by universal-character-name '\u044F' cannot be represented in the current code page (1252)
C:\Users\Mary\source\repos\Laba2\Laba2\Laba2.cpp(55,9): warning C4566: character represented by universal-character-name '\u041A' cannot be represented in the current code page (1252)
C:\Users\Mary\source\repos\Laba2\Laba2\Laba2.cpp(55,9): warning C4566: character represented by universal-character-name '\u043A' cannot be represented in the current code page (1252)
C:\Users\Mary\source\repos\Laba2\Laba2\Laba2.cpp(55,9): warning C4566: character represented by universal-character-name '\u043E' cannot be represented in the current code page (1252)
C:\Users\Mary\source\repos\Laba2\Laba2\Laba2.cpp(55,9): warning C4566: character represented by universal-character-name '\u043F' cannot be represented in the current code page (1252)
C:\Users\Mary\source\repos\Laba2\Laba2\Laba2.cpp(55,9): warning C4566: character represented by universal-character-name '\u0435' cannot be represented in the current code page (1252)
C:\Users\Mary\source\repos\Laba2\Laba2\Laba2.cpp(55,9): warning C4566: character represented by universal-character-name '\u0440' cannot be represented in the current code page (1252)
C:\Users\Mary\source\repos\Laba2\Laba2\Laba2.cpp(55,9): warning C4566: character represented by universal-character-name '\u0432' cannot be represented in the current code page (1252)
C:\Users\Mary\source\repos\Laba2\Laba2\Laba2.cpp(30,2): error C4996: 'scanf': This function or variable may be unsafe. Consider using scanf_s instead. To disable deprecation, use _CRT_SECURE_NO_WARNINGS. See online help for details.
C:\Users\Mary\source\repos\Laba2\Laba2\Laba2.cpp(32,2): error C4996: 'scanf': This function or variable may be unsafe. Consider using scanf_s instead. To disable deprecation, use _CRT_SECURE_NO_WARNINGS. See online help for details.
C:\Users\Mary\source\repos\Laba2\Laba2\Laba2.cpp(34,2): error C4996: 'scanf': This function or variable may be unsafe. Consider using scanf_s instead. To disable deprecation, use _CRT_SECURE_NO_WARNINGS. See online help for details.
