  laba1.5.cpp
C:\Users\Mary\source\repos\laba1.5\laba1.5\laba1.5.cpp(40,15): warning C4244: 'argument': conversion from 'time_t' to 'unsigned int', possible loss of data
C:\Users\Mary\source\repos\laba1.5\laba1.5\laba1.5.cpp(47,17): warning C4566: character represented by universal-character-name '\u0412' cannot be represented in the current code page (1252)
C:\Users\Mary\source\repos\laba1.5\laba1.5\laba1.5.cpp(47,17): warning C4566: character represented by universal-character-name '\u0432' cannot be represented in the current code page (1252)
C:\Users\Mary\source\repos\laba1.5\laba1.5\laba1.5.cpp(47,17): warning C4566: character represented by universal-character-name '\u0435' cannot be represented in the current code page (1252)
C:\Users\Mary\source\repos\laba1.5\laba1.5\laba1.5.cpp(47,17): warning C4566: character represented by universal-character-name '\u0434' cannot be represented in the current code page (1252)
C:\Users\Mary\source\repos\laba1.5\laba1.5\laba1.5.cpp(47,17): warning C4566: character represented by universal-character-name '\u0438' cannot be represented in the current code page (1252)
C:\Users\Mary\source\repos\laba1.5\laba1.5\laba1.5.cpp(47,17): warning C4566: character represented by universal-character-name '\u0442' cannot be represented in the current code page (1252)
C:\Users\Mary\source\repos\laba1.5\laba1.5\laba1.5.cpp(47,17): warning C4566: character represented by universal-character-name '\u0447' cannot be represented in the current code page (1252)
C:\Users\Mary\source\repos\laba1.5\laba1.5\laba1.5.cpp(47,17): warning C4566: character represented by universal-character-name '\u0441' cannot be represented in the current code page (1252)
C:\Users\Mary\source\repos\laba1.5\laba1.5\laba1.5.cpp(47,17): warning C4566: character represented by universal-character-name '\u043B' cannot be represented in the current code page (1252)
C:\Users\Mary\source\repos\laba1.5\laba1.5\laba1.5.cpp(47,17): warning C4566: character represented by universal-character-name '\u043E' cannot be represented in the current code page (1252)
C:\Users\Mary\source\repos\laba1.5\laba1.5\laba1.5.cpp(52,25): warning C4566: character represented by universal-character-name '\u0412' cannot be represented in the current code page (1252)
C:\Users\Mary\source\repos\laba1.5\laba1.5\laba1.5.cpp(52,25): warning C4566: character represented by universal-character-name '\u0430' cannot be represented in the current code page (1252)
C:\Users\Mary\source\repos\laba1.5\laba1.5\laba1.5.cpp(52,25): warning C4566: character represented by universal-character-name '\u0448' cannot be represented in the current code page (1252)
C:\Users\Mary\source\repos\laba1.5\laba1.5\laba1.5.cpp(52,25): warning C4566: character represented by universal-character-name '\u0435' cannot be represented in the current code page (1252)
C:\Users\Mary\source\repos\laba1.5\laba1.5\laba1.5.cpp(52,25): warning C4566: character represented by universal-character-name '\u0447' cannot be represented in the current code page (1252)
C:\Users\Mary\source\repos\laba1.5\laba1.5\laba1.5.cpp(52,25): warning C4566: character represented by universal-character-name '\u0438' cannot be represented in the current code page (1252)
C:\Users\Mary\source\repos\laba1.5\laba1.5\laba1.5.cpp(52,25): warning C4566: character represented by universal-character-name '\u0441' cannot be represented in the current code page (1252)
C:\Users\Mary\source\repos\laba1.5\laba1.5\laba1.5.cpp(52,25): warning C4566: character represented by universal-character-name '\u043B' cannot be represented in the current code page (1252)
C:\Users\Mary\source\repos\laba1.5\laba1.5\laba1.5.cpp(52,25): warning C4566: character represented by universal-character-name '\u043E' cannot be represented in the current code page (1252)
C:\Users\Mary\source\repos\laba1.5\laba1.5\laba1.5.cpp(58,17): warning C4566: character represented by universal-character-name '\u0427' cannot be represented in the current code page (1252)
C:\Users\Mary\source\repos\laba1.5\laba1.5\laba1.5.cpp(58,17): warning C4566: character represented by universal-character-name '\u0438' cannot be represented in the current code page (1252)
C:\Users\Mary\source\repos\laba1.5\laba1.5\laba1.5.cpp(58,17): warning C4566: character represented by universal-character-name '\u0441' cannot be represented in the current code page (1252)
C:\Users\Mary\source\repos\laba1.5\laba1.5\laba1.5.cpp(58,17): warning C4566: character represented by universal-character-name '\u043B' cannot be represented in the current code page (1252)
C:\Users\Mary\source\repos\laba1.5\laba1.5\laba1.5.cpp(58,17): warning C4566: character represented by universal-character-name '\u043E' cannot be represented in the current code page (1252)
C:\Users\Mary\source\repos\laba1.5\laba1.5\laba1.5.cpp(58,17): warning C4566: character represented by universal-character-name '\u043A' cannot be represented in the current code page (1252)
C:\Users\Mary\source\repos\laba1.5\laba1.5\laba1.5.cpp(58,17): warning C4566: character represented by universal-character-name '\u043C' cannot be represented in the current code page (1252)
C:\Users\Mary\source\repos\laba1.5\laba1.5\laba1.5.cpp(58,17): warning C4566: character represented by universal-character-name '\u043F' cannot be represented in the current code page (1252)
C:\Users\Mary\source\repos\laba1.5\laba1.5\laba1.5.cpp(64,17): warning C4566: character represented by universal-character-name '\u041A' cannot be represented in the current code page (1252)
C:\Users\Mary\source\repos\laba1.5\laba1.5\laba1.5.cpp(64,17): warning C4566: character represented by universal-character-name '\u043E' cannot be represented in the current code page (1252)
C:\Users\Mary\source\repos\laba1.5\laba1.5\laba1.5.cpp(64,17): warning C4566: character represented by universal-character-name '\u043C' cannot be represented in the current code page (1252)
C:\Users\Mary\source\repos\laba1.5\laba1.5\laba1.5.cpp(64,17): warning C4566: character represented by universal-character-name '\u043F' cannot be represented in the current code page (1252)
C:\Users\Mary\source\repos\laba1.5\laba1.5\laba1.5.cpp(64,17): warning C4566: character represented by universal-character-name '\u044C' cannot be represented in the current code page (1252)
C:\Users\Mary\source\repos\laba1.5\laba1.5\laba1.5.cpp(64,17): warning C4566: character represented by universal-character-name '\u044E' cannot be represented in the current code page (1252)
C:\Users\Mary\source\repos\laba1.5\laba1.5\laba1.5.cpp(64,17): warning C4566: character represented by universal-character-name '\u0442' cannot be represented in the current code page (1252)
C:\Users\Mary\source\repos\laba1.5\laba1.5\laba1.5.cpp(64,17): warning C4566: character represented by universal-character-name '\u0435' cannot be represented in the current code page (1252)
C:\Users\Mary\source\repos\laba1.5\laba1.5\laba1.5.cpp(64,17): warning C4566: character represented by universal-character-name '\u0440' cannot be represented in the current code page (1252)
C:\Users\Mary\source\repos\laba1.5\laba1.5\laba1.5.cpp(64,17): warning C4566: character represented by universal-character-name '\u0431' cannot be represented in the current code page (1252)
C:\Users\Mary\source\repos\laba1.5\laba1.5\laba1.5.cpp(64,17): warning C4566: character represented by universal-character-name '\u0434' cannot be represented in the current code page (1252)
C:\Users\Mary\source\repos\laba1.5\laba1.5\laba1.5.cpp(64,17): warning C4566: character represented by universal-character-name '\u0438' cannot be represented in the current code page (1252)
C:\Users\Mary\source\repos\laba1.5\laba1.5\laba1.5.cpp(64,17): warning C4566: character represented by universal-character-name '\u043B' cannot be represented in the current code page (1252)
C:\Users\Mary\source\repos\laba1.5\laba1.5\laba1.5.cpp(66,9): error C4996: '_sleep': This function or variable has been superceded by newer library or operating system functionality. Consider using Sleep instead. See online help for details.
