  laba5.mushroom.cpp
C:\Users\Mary\source\repos\laba5.mushroom\laba5.mushroom\laba5.mushroom.cpp(13,5): error C3861: 'SetConsoleOutputCP': identifier not found
C:\Users\Mary\source\repos\laba5.mushroom\laba5.mushroom\laba5.mushroom.cpp(14,5): error C3861: 'SetConsoleCP': identifier not found
C:\Users\Mary\source\repos\laba5.mushroom\laba5.mushroom\laba5.mushroom.cpp(19,16): warning C4566: character represented by universal-character-name '\u0421' cannot be represented in the current code page (1252)
C:\Users\Mary\source\repos\laba5.mushroom\laba5.mushroom\laba5.mushroom.cpp(19,16): warning C4566: character represented by universal-character-name '\u043A' cannot be represented in the current code page (1252)
C:\Users\Mary\source\repos\laba5.mushroom\laba5.mushroom\laba5.mushroom.cpp(19,16): warning C4566: character represented by universal-character-name '\u043E' cannot be represented in the current code page (1252)
C:\Users\Mary\source\repos\laba5.mushroom\laba5.mushroom\laba5.mushroom.cpp(19,16): warning C4566: character represented by universal-character-name '\u043B' cannot be represented in the current code page (1252)
C:\Users\Mary\source\repos\laba5.mushroom\laba5.mushroom\laba5.mushroom.cpp(19,16): warning C4566: character represented by universal-character-name '\u044C' cannot be represented in the current code page (1252)
C:\Users\Mary\source\repos\laba5.mushroom\laba5.mushroom\laba5.mushroom.cpp(19,16): warning C4566: character represented by universal-character-name '\u0443' cannot be represented in the current code page (1252)
C:\Users\Mary\source\repos\laba5.mushroom\laba5.mushroom\laba5.mushroom.cpp(19,16): warning C4566: character represented by universal-character-name '\u0442' cannot be represented in the current code page (1252)
C:\Users\Mary\source\repos\laba5.mushroom\laba5.mushroom\laba5.mushroom.cpp(19,16): warning C4566: character represented by universal-character-name '\u0435' cannot be represented in the current code page (1252)
C:\Users\Mary\source\repos\laba5.mushroom\laba5.mushroom\laba5.mushroom.cpp(19,16): warning C4566: character represented by universal-character-name '\u0431' cannot be represented in the current code page (1252)
C:\Users\Mary\source\repos\laba5.mushroom\laba5.mushroom\laba5.mushroom.cpp(19,16): warning C4566: character represented by universal-character-name '\u044F' cannot be represented in the current code page (1252)
C:\Users\Mary\source\repos\laba5.mushroom\laba5.mushroom\laba5.mushroom.cpp(19,16): warning C4566: character represented by universal-character-name '\u0433' cannot be represented in the current code page (1252)
C:\Users\Mary\source\repos\laba5.mushroom\laba5.mushroom\laba5.mushroom.cpp(19,16): warning C4566: character represented by universal-character-name '\u0440' cannot be represented in the current code page (1252)
C:\Users\Mary\source\repos\laba5.mushroom\laba5.mushroom\laba5.mushroom.cpp(19,16): warning C4566: character represented by universal-character-name '\u0438' cannot be represented in the current code page (1252)
C:\Users\Mary\source\repos\laba5.mushroom\laba5.mushroom\laba5.mushroom.cpp(19,16): warning C4566: character represented by universal-character-name '\u0432' cannot be represented in the current code page (1252)
C:\Users\Mary\source\repos\laba5.mushroom\laba5.mushroom\laba5.mushroom.cpp(21,23): warning C4244: 'initializing': conversion from 'double' to 'int', possible loss of data
C:\Users\Mary\source\repos\laba5.mushroom\laba5.mushroom\laba5.mushroom.cpp(24,20): warning C4566: character represented by universal-character-name '\u0422' cannot be represented in the current code page (1252)
C:\Users\Mary\source\repos\laba5.mushroom\laba5.mushroom\laba5.mushroom.cpp(24,20): warning C4566: character represented by universal-character-name '\u044B' cannot be represented in the current code page (1252)
C:\Users\Mary\source\repos\laba5.mushroom\laba5.mushroom\laba5.mushroom.cpp(24,20): warning C4566: character represented by universal-character-name '\u043D' cannot be represented in the current code page (1252)
C:\Users\Mary\source\repos\laba5.mushroom\laba5.mushroom\laba5.mushroom.cpp(24,20): warning C4566: character represented by universal-character-name '\u0435' cannot be represented in the current code page (1252)
C:\Users\Mary\source\repos\laba5.mushroom\laba5.mushroom\laba5.mushroom.cpp(24,20): warning C4566: character represented by universal-character-name '\u0448' cannot be represented in the current code page (1252)
C:\Users\Mary\source\repos\laba5.mushroom\laba5.mushroom\laba5.mushroom.cpp(24,20): warning C4566: character represented by universal-character-name '\u044C' cannot be represented in the current code page (1252)
C:\Users\Mary\source\repos\laba5.mushroom\laba5.mushroom\laba5.mushroom.cpp(24,20): warning C4566: character represented by universal-character-name '\u0433' cannot be represented in the current code page (1252)
C:\Users\Mary\source\repos\laba5.mushroom\laba5.mushroom\laba5.mushroom.cpp(24,20): warning C4566: character represented by universal-character-name '\u0440' cannot be represented in the current code page (1252)
C:\Users\Mary\source\repos\laba5.mushroom\laba5.mushroom\laba5.mushroom.cpp(24,20): warning C4566: character represented by universal-character-name '\u0438' cannot be represented in the current code page (1252)
C:\Users\Mary\source\repos\laba5.mushroom\laba5.mushroom\laba5.mushroom.cpp(24,20): warning C4566: character represented by universal-character-name '\u0431' cannot be represented in the current code page (1252)
C:\Users\Mary\source\repos\laba5.mushroom\laba5.mushroom\laba5.mushroom.cpp(24,58): warning C4474: 'printf' : too many arguments passed for format string
C:\Users\Mary\source\repos\laba5.mushroom\laba5.mushroom\laba5.mushroom.cpp(24,58): message : placeholders and their parameters expect 0 variadic arguments, but 1 were provided
C:\Users\Mary\source\repos\laba5.mushroom\laba5.mushroom\laba5.mushroom.cpp(27,20): warning C4566: character represented by universal-character-name '\u0423' cannot be represented in the current code page (1252)
C:\Users\Mary\source\repos\laba5.mushroom\laba5.mushroom\laba5.mushroom.cpp(27,20): warning C4566: character represented by universal-character-name '\u043C' cannot be represented in the current code page (1252)
C:\Users\Mary\source\repos\laba5.mushroom\laba5.mushroom\laba5.mushroom.cpp(27,20): warning C4566: character represented by universal-character-name '\u0435' cannot be represented in the current code page (1252)
C:\Users\Mary\source\repos\laba5.mushroom\laba5.mushroom\laba5.mushroom.cpp(27,20): warning C4566: character represented by universal-character-name '\u043D' cannot be represented in the current code page (1252)
C:\Users\Mary\source\repos\laba5.mushroom\laba5.mushroom\laba5.mushroom.cpp(27,20): warning C4566: character represented by universal-character-name '\u044F' cannot be represented in the current code page (1252)
C:\Users\Mary\source\repos\laba5.mushroom\laba5.mushroom\laba5.mushroom.cpp(27,20): warning C4566: character represented by universal-character-name '\u0433' cannot be represented in the current code page (1252)
C:\Users\Mary\source\repos\laba5.mushroom\laba5.mushroom\laba5.mushroom.cpp(27,20): warning C4566: character represented by universal-character-name '\u0440' cannot be represented in the current code page (1252)
C:\Users\Mary\source\repos\laba5.mushroom\laba5.mushroom\laba5.mushroom.cpp(27,20): warning C4566: character represented by universal-character-name '\u0438' cannot be represented in the current code page (1252)
C:\Users\Mary\source\repos\laba5.mushroom\laba5.mushroom\laba5.mushroom.cpp(27,20): warning C4566: character represented by universal-character-name '\u0431' cannot be represented in the current code page (1252)
C:\Users\Mary\source\repos\laba5.mushroom\laba5.mushroom\laba5.mushroom.cpp(27,20): warning C4566: character represented by universal-character-name '\u043E' cannot be represented in the current code page (1252)
C:\Users\Mary\source\repos\laba5.mushroom\laba5.mushroom\laba5.mushroom.cpp(27,20): warning C4566: character represented by universal-character-name '\u0432' cannot be represented in the current code page (1252)
C:\Users\Mary\source\repos\laba5.mushroom\laba5.mushroom\laba5.mushroom.cpp(30,20): warning C4566: character represented by universal-character-name '\u0423' cannot be represented in the current code page (1252)
C:\Users\Mary\source\repos\laba5.mushroom\laba5.mushroom\laba5.mushroom.cpp(30,20): warning C4566: character represented by universal-character-name '\u043C' cannot be represented in the current code page (1252)
C:\Users\Mary\source\repos\laba5.mushroom\laba5.mushroom\laba5.mushroom.cpp(30,20): warning C4566: character represented by universal-character-name '\u0435' cannot be represented in the current code page (1252)
C:\Users\Mary\source\repos\laba5.mushroom\laba5.mushroom\laba5.mushroom.cpp(30,20): warning C4566: character represented by universal-character-name '\u043D' cannot be represented in the current code page (1252)
C:\Users\Mary\source\repos\laba5.mushroom\laba5.mushroom\laba5.mushroom.cpp(30,20): warning C4566: character represented by universal-character-name '\u044F' cannot be represented in the current code page (1252)
C:\Users\Mary\source\repos\laba5.mushroom\laba5.mushroom\laba5.mushroom.cpp(30,20): warning C4566: character represented by universal-character-name '\u0433' cannot be represented in the current code page (1252)
C:\Users\Mary\source\repos\laba5.mushroom\laba5.mushroom\laba5.mushroom.cpp(30,20): warning C4566: character represented by universal-character-name '\u0440' cannot be represented in the current code page (1252)
C:\Users\Mary\source\repos\laba5.mushroom\laba5.mushroom\laba5.mushroom.cpp(30,20): warning C4566: character represented by universal-character-name '\u0438' cannot be represented in the current code page (1252)
C:\Users\Mary\source\repos\laba5.mushroom\laba5.mushroom\laba5.mushroom.cpp(30,20): warning C4566: character represented by universal-character-name '\u0431' cannot be represented in the current code page (1252)
C:\Users\Mary\source\repos\laba5.mushroom\laba5.mushroom\laba5.mushroom.cpp(33,20): warning C4566: character represented by universal-character-name '\u0423' cannot be represented in the current code page (1252)
C:\Users\Mary\source\repos\laba5.mushroom\laba5.mushroom\laba5.mushroom.cpp(33,20): warning C4566: character represented by universal-character-name '\u043C' cannot be represented in the current code page (1252)
C:\Users\Mary\source\repos\laba5.mushroom\laba5.mushroom\laba5.mushroom.cpp(33,20): warning C4566: character represented by universal-character-name '\u0435' cannot be represented in the current code page (1252)
C:\Users\Mary\source\repos\laba5.mushroom\laba5.mushroom\laba5.mushroom.cpp(33,20): warning C4566: character represented by universal-character-name '\u043D' cannot be represented in the current code page (1252)
C:\Users\Mary\source\repos\laba5.mushroom\laba5.mushroom\laba5.mushroom.cpp(33,20): warning C4566: character represented by universal-character-name '\u044F' cannot be represented in the current code page (1252)
C:\Users\Mary\source\repos\laba5.mushroom\laba5.mushroom\laba5.mushroom.cpp(33,20): warning C4566: character represented by universal-character-name '\u0433' cannot be represented in the current code page (1252)
C:\Users\Mary\source\repos\laba5.mushroom\laba5.mushroom\laba5.mushroom.cpp(33,20): warning C4566: character represented by universal-character-name '\u0440' cannot be represented in the current code page (1252)
C:\Users\Mary\source\repos\laba5.mushroom\laba5.mushroom\laba5.mushroom.cpp(33,20): warning C4566: character represented by universal-character-name '\u0438' cannot be represented in the current code page (1252)
C:\Users\Mary\source\repos\laba5.mushroom\laba5.mushroom\laba5.mushroom.cpp(33,20): warning C4566: character represented by universal-character-name '\u0431' cannot be represented in the current code page (1252)
C:\Users\Mary\source\repos\laba5.mushroom\laba5.mushroom\laba5.mushroom.cpp(36,20): warning C4566: character represented by universal-character-name '\u0423' cannot be represented in the current code page (1252)
C:\Users\Mary\source\repos\laba5.mushroom\laba5.mushroom\laba5.mushroom.cpp(36,20): warning C4566: character represented by universal-character-name '\u043C' cannot be represented in the current code page (1252)
C:\Users\Mary\source\repos\laba5.mushroom\laba5.mushroom\laba5.mushroom.cpp(36,20): warning C4566: character represented by universal-character-name '\u0435' cannot be represented in the current code page (1252)
C:\Users\Mary\source\repos\laba5.mushroom\laba5.mushroom\laba5.mushroom.cpp(36,20): warning C4566: character represented by universal-character-name '\u043D' cannot be represented in the current code page (1252)
C:\Users\Mary\source\repos\laba5.mushroom\laba5.mushroom\laba5.mushroom.cpp(36,20): warning C4566: character represented by universal-character-name '\u044F' cannot be represented in the current code page (1252)
C:\Users\Mary\source\repos\laba5.mushroom\laba5.mushroom\laba5.mushroom.cpp(36,20): warning C4566: character represented by universal-character-name '\u0442' cannot be represented in the current code page (1252)
C:\Users\Mary\source\repos\laba5.mushroom\laba5.mushroom\laba5.mushroom.cpp(36,20): warning C4566: character represented by universal-character-name '\u0433' cannot be represented in the current code page (1252)
C:\Users\Mary\source\repos\laba5.mushroom\laba5.mushroom\laba5.mushroom.cpp(36,20): warning C4566: character represented by universal-character-name '\u0440' cannot be represented in the current code page (1252)
C:\Users\Mary\source\repos\laba5.mushroom\laba5.mushroom\laba5.mushroom.cpp(36,20): warning C4566: character represented by universal-character-name '\u0438' cannot be represented in the current code page (1252)
C:\Users\Mary\source\repos\laba5.mushroom\laba5.mushroom\laba5.mushroom.cpp(36,20): warning C4566: character represented by universal-character-name '\u0431' cannot be represented in the current code page (1252)
C:\Users\Mary\source\repos\laba5.mushroom\laba5.mushroom\laba5.mushroom.cpp(36,20): warning C4566: character represented by universal-character-name '\u043E' cannot be represented in the current code page (1252)
C:\Users\Mary\source\repos\laba5.mushroom\laba5.mushroom\laba5.mushroom.cpp(36,20): warning C4566: character represented by universal-character-name '\u0432' cannot be represented in the current code page (1252)
C:\Users\Mary\source\repos\laba5.mushroom\laba5.mushroom\laba5.mushroom.cpp(36,62): warning C4474: 'printf' : too many arguments passed for format string
C:\Users\Mary\source\repos\laba5.mushroom\laba5.mushroom\laba5.mushroom.cpp(36,62): message : placeholders and their parameters expect 0 variadic arguments, but 1 were provided
C:\Users\Mary\source\repos\laba5.mushroom\laba5.mushroom\laba5.mushroom.cpp(40,20): warning C4566: character represented by universal-character-name '\u0423' cannot be represented in the current code page (1252)
C:\Users\Mary\source\repos\laba5.mushroom\laba5.mushroom\laba5.mushroom.cpp(40,20): warning C4566: character represented by universal-character-name '\u043C' cannot be represented in the current code page (1252)
C:\Users\Mary\source\repos\laba5.mushroom\laba5.mushroom\laba5.mushroom.cpp(40,20): warning C4566: character represented by universal-character-name '\u0435' cannot be represented in the current code page (1252)
C:\Users\Mary\source\repos\laba5.mushroom\laba5.mushroom\laba5.mushroom.cpp(40,20): warning C4566: character represented by universal-character-name '\u043D' cannot be represented in the current code page (1252)
C:\Users\Mary\source\repos\laba5.mushroom\laba5.mushroom\laba5.mushroom.cpp(40,20): warning C4566: character represented by universal-character-name '\u044F' cannot be represented in the current code page (1252)
C:\Users\Mary\source\repos\laba5.mushroom\laba5.mushroom\laba5.mushroom.cpp(40,20): warning C4566: character represented by universal-character-name '\u0433' cannot be represented in the current code page (1252)
C:\Users\Mary\source\repos\laba5.mushroom\laba5.mushroom\laba5.mushroom.cpp(40,20): warning C4566: character represented by universal-character-name '\u0440' cannot be represented in the current code page (1252)
C:\Users\Mary\source\repos\laba5.mushroom\laba5.mushroom\laba5.mushroom.cpp(40,20): warning C4566: character represented by universal-character-name '\u0438' cannot be represented in the current code page (1252)
C:\Users\Mary\source\repos\laba5.mushroom\laba5.mushroom\laba5.mushroom.cpp(40,20): warning C4566: character represented by universal-character-name '\u0431' cannot be represented in the current code page (1252)
C:\Users\Mary\source\repos\laba5.mushroom\laba5.mushroom\laba5.mushroom.cpp(40,20): warning C4566: character represented by universal-character-name '\u043E' cannot be represented in the current code page (1252)
C:\Users\Mary\source\repos\laba5.mushroom\laba5.mushroom\laba5.mushroom.cpp(40,20): warning C4566: character represented by universal-character-name '\u0432' cannot be represented in the current code page (1252)
